<?xml version="1.0" encoding="UTF-8"?>
<testng-results ignored="0" total="1" passed="1" failed="0" skipped="0">
  <reporter-output>
  </reporter-output>
  <suite started-at="2022-03-30T11:43:48 AEDT" name="Default suite" finished-at="2022-03-30T11:43:59 AEDT" duration-ms="11116">
    <groups>
    </groups>
    <test started-at="2022-03-30T11:43:48 AEDT" name="Default test" finished-at="2022-03-30T11:43:59 AEDT" duration-ms="11116">
      <class name="testCases.TC_001_AccountRegistration">
        <test-method is-config="true" signature="setup()[pri:0, instance:testCases.TC_001_AccountRegistration@3012646b]" started-at="2022-03-30T11:43:48 AEDT" name="setup" finished-at="2022-03-30T11:43:53 AEDT" duration-ms="5396" status="PASS">
          <reporter-output>
          </reporter-output>
        </test-method> <!-- setup -->
        <test-method signature="test_account_Registration()[pri:0, instance:testCases.TC_001_AccountRegistration@3012646b]" started-at="2022-03-30T11:43:53 AEDT" name="test_account_Registration" finished-at="2022-03-30T11:43:59 AEDT" duration-ms="5636" status="PASS">
          <reporter-output>
          </reporter-output>
        </test-method> <!-- test_account_Registration -->
        <test-method is-config="true" signature="tearDown()[pri:0, instance:testCases.TC_001_AccountRegistration@3012646b]" started-at="2022-03-30T11:43:59 AEDT" name="tearDown" finished-at="2022-03-30T11:43:59 AEDT" duration-ms="58" status="PASS">
          <reporter-output>
          </reporter-output>
        </test-method> <!-- tearDown -->
      </class> <!-- testCases.TC_001_AccountRegistration -->
    </test> <!-- Default test -->
  </suite> <!-- Default suite -->
</testng-results>
